build/app/intermediates/manifest_merge_blame_file/debug/manifest-merger-blame-debug-report.txt
1<?xml version="1.0" encoding="utf-8"?>
2<manifest xmlns:android="http://schemas.android.com/apk/res/android"
3    package="com.example.yeeo"
4    android:versionCode="1"
5    android:versionName="1.0.0" >
6
7    <uses-sdk
8        android:minSdkVersion="16"
9        android:targetSdkVersion="29" />
10    <!--
11         Flutter needs it to communicate with the running application
12         to allow setting breakpoints, to provide hot reload, etc.
13    -->
14    <uses-permission android:name="android.permission.INTERNET" />
14-->src/main/AndroidManifest.xml:10:2-64
14-->src/main/AndroidManifest.xml:10:19-61
15    <!--
16	io.flutter.app.FlutterApplication is an android.app.Application that
17	calls FlutterMain.startInitialization(this); in its onCreate method.
18	In most cases you can leave this as-is, but you if you want to provide
19	additional functionality it is fine to subclass or reimplement
20	FlutterApplication and put your custom class here.
21    -->
22    <uses-permission android:name="android.permission.READ_EXTERNAL_STORAGE" />
22-->src/main/AndroidManifest.xml:9:2-77
22-->src/main/AndroidManifest.xml:9:19-74
23    <uses-permission android:name="android.permission.CAMERA" />
23-->src/main/AndroidManifest.xml:11:2-62
23-->src/main/AndroidManifest.xml:11:19-59
24    <uses-permission android:name="android.permission.WRITE_EXTERNAL_STORAGE" />
24-->[:image_picker] AndroidManifest.xml:8:5-81
24-->[:image_picker] AndroidManifest.xml:8:22-78
25
26    <application
26-->src/main/AndroidManifest.xml:12:2-40:16
27        android:name="io.flutter.app.FlutterApplication"
27-->src/main/AndroidManifest.xml:12:59-107
28        android:appComponentFactory="androidx.core.app.CoreComponentFactory"
28-->[androidx.core:core:1.1.0] AndroidManifest.xml:24:18-86
29        android:debuggable="true"
30        android:icon="@mipmap/launcher_icon"
30-->src/main/AndroidManifest.xml:12:129-165
31        android:label="Yeeo"
31-->src/main/AndroidManifest.xml:12:108-128
32        android:requestLegacyExternalStorage="true" >
32-->src/main/AndroidManifest.xml:12:15-58
33        <activity
33-->src/main/AndroidManifest.xml:13:3-33:14
34            android:name="com.example.yeeo.MainActivity"
34-->src/main/AndroidManifest.xml:13:13-41
35            android:configChanges="orientation|keyboardHidden|keyboard|screenSize|smallestScreenSize|locale|layoutDirection|fontScale|screenLayout|density|uiMode"
35-->src/main/AndroidManifest.xml:13:108-258
36            android:hardwareAccelerated="true"
36-->src/main/AndroidManifest.xml:13:259-293
37            android:launchMode="singleTop"
37-->src/main/AndroidManifest.xml:13:42-72
38            android:theme="@style/LaunchTheme"
38-->src/main/AndroidManifest.xml:13:73-107
39            android:windowSoftInputMode="adjustResize" >
39-->src/main/AndroidManifest.xml:13:294-336
40
41            <!--
42			Specifies an Android theme to apply to this Activity as soon as
43			the Android process has started. This theme is visible to the user
44			while the Flutter UI initializes. After that, this theme continues
45			to determine the Window background behind the Flutter UI.
46            -->
47            <meta-data
47-->src/main/AndroidManifest.xml:20:4-111
48                android:name="io.flutter.embedding.android.NormalTheme"
48-->src/main/AndroidManifest.xml:20:15-70
49                android:resource="@style/NormalTheme" />
49-->src/main/AndroidManifest.xml:20:71-108
50            <!--
51			Displays an Android View that continues showing the launch screen
52			Drawable until Flutter paints its first frame, then this splash
53			screen fades out. A splash screen is useful to avoid any visual
54			gap between the end of Android's launch screen and the painting of
55			Flutter's first frame.
56            -->
57            <meta-data
57-->src/main/AndroidManifest.xml:28:4-129
58                android:name="io.flutter.embedding.android.SplashScreenDrawable"
58-->src/main/AndroidManifest.xml:28:15-79
59                android:resource="@drawable/launch_background" />
59-->src/main/AndroidManifest.xml:28:80-126
60
61            <intent-filter>
61-->src/main/AndroidManifest.xml:29:4-32:20
62                <action android:name="android.intent.action.MAIN" />
62-->src/main/AndroidManifest.xml:30:5-57
62-->src/main/AndroidManifest.xml:30:13-54
63
64                <category android:name="android.intent.category.LAUNCHER" />
64-->src/main/AndroidManifest.xml:31:5-65
64-->src/main/AndroidManifest.xml:31:15-62
65            </intent-filter>
66        </activity>
67        <activity
67-->src/main/AndroidManifest.xml:34:3-157
68            android:name="com.yalantis.ucrop.UCropActivity"
68-->src/main/AndroidManifest.xml:34:13-60
69            android:screenOrientation="portrait"
69-->src/main/AndroidManifest.xml:34:61-97
70            android:theme="@style/Theme.AppCompat.Light.NoActionBar" />
70-->src/main/AndroidManifest.xml:34:98-154
71        <!--
72		Don't delete the meta-data below.
73		This is used by the Flutter tool to generate GeneratedPluginRegistrant.java
74        -->
75        <meta-data
75-->src/main/AndroidManifest.xml:39:3-66
76            android:name="flutterEmbedding"
76-->src/main/AndroidManifest.xml:39:14-45
77            android:value="2" />
77-->src/main/AndroidManifest.xml:39:46-63
78
79        <provider
79-->[:image_picker] AndroidManifest.xml:11:9-19:20
80            android:name="io.flutter.plugins.imagepicker.ImagePickerFileProvider"
80-->[:image_picker] AndroidManifest.xml:12:13-82
81            android:authorities="com.example.yeeo.flutter.image_provider"
81-->[:image_picker] AndroidManifest.xml:13:13-74
82            android:exported="false"
82-->[:image_picker] AndroidManifest.xml:14:13-37
83            android:grantUriPermissions="true" >
83-->[:image_picker] AndroidManifest.xml:15:13-47
84            <meta-data
84-->[:image_picker] AndroidManifest.xml:16:13-18:75
85                android:name="android.support.FILE_PROVIDER_PATHS"
85-->[:image_picker] AndroidManifest.xml:17:17-67
86                android:resource="@xml/flutter_image_picker_file_paths" />
86-->[:image_picker] AndroidManifest.xml:18:17-72
87        </provider>
88    </application>
89
90</manifest>